2023-11-30 17:29:19,123 - INFO - Loading image in desktop environment...
2023-11-30 17:29:29,350 - INFO - 
2023-11-30 17:29:45,595 - INFO - 
2023-11-30 17:30:08,165 - INFO - Loaded image: ghcr.io/eviljoker/product_imagemagic_devcontainer:latest

2023-11-30 17:30:08,187 - INFO - Image loaded successfully in desktop environment.
2023-11-30 18:30:08,290 - INFO - Loading image in desktop environment...
2023-11-30 18:30:08,917 - INFO - image  is latested
2023-11-30 19:30:08,969 - INFO - Loading image in desktop environment...
2023-11-30 19:30:09,606 - INFO - image  is latested
2023-11-30 20:30:09,501 - INFO - Loading image in desktop environment...
2023-11-30 20:30:10,364 - INFO - image  is latested
2023-11-30 21:30:10,426 - INFO - Loading image in desktop environment...
2023-11-30 21:30:11,057 - INFO - image  is latested
2023-11-30 22:30:11,121 - INFO - Loading image in desktop environment...
2023-11-30 22:30:11,764 - INFO - image  is latested
2023-11-30 23:30:11,836 - INFO - Loading image in desktop environment...
2023-11-30 23:30:12,481 - INFO - image  is latested
2023-12-01 00:30:12,542 - INFO - Loading image in desktop environment...
2023-12-01 00:30:22,581 - INFO - 
2023-12-01 00:30:37,219 - INFO - 
2023-12-01 00:30:45,463 - INFO - The image ghcr.io/eviljoker/product_imagemagic_devcontainer:latest already exists, renaming the old one with ID sha256:fd35bdcb1449b58c61896e53cf12e858ea9ec1ccc868273fcf2fc85f14952a35 to empty string
Loaded image: ghcr.io/eviljoker/product_imagemagic_devcontainer:latest

2023-12-01 00:30:45,558 - INFO - Image loaded successfully in desktop environment.
2023-12-01 01:30:46,186 - INFO - Loading image in desktop environment...
2023-12-01 01:30:46,807 - INFO - image  is latested
2023-12-01 02:30:46,888 - INFO - Loading image in desktop environment...
2023-12-01 02:30:47,487 - INFO - image  is latested
2023-12-01 03:30:47,549 - INFO - Loading image in desktop environment...
2023-12-01 03:30:48,176 - INFO - image  is latested
2023-12-01 04:30:48,256 - INFO - Loading image in desktop environment...
2023-12-01 04:30:48,851 - INFO - image  is latested
2023-12-01 05:30:48,842 - INFO - Loading image in desktop environment...
2023-12-01 05:30:49,468 - INFO - image  is latested
2023-12-01 06:30:49,537 - INFO - Loading image in desktop environment...
2023-12-01 06:30:50,281 - INFO - image  is latested
2023-12-01 07:30:50,340 - INFO - Loading image in desktop environment...
2023-12-01 07:30:50,941 - INFO - image  is latested
2023-12-01 08:30:50,996 - INFO - Loading image in desktop environment...
2023-12-01 08:30:51,604 - INFO - image  is latested
2023-12-01 09:30:52,005 - INFO - Loading image in desktop environment...
2023-12-01 09:30:52,690 - INFO - image  is latested
2023-12-01 10:30:52,767 - INFO - Loading image in desktop environment...
2023-12-01 10:30:53,675 - INFO - image  is latested
2023-12-01 11:30:53,742 - INFO - Loading image in desktop environment...
2023-12-01 11:30:54,332 - INFO - image  is latested
2023-12-01 12:30:54,316 - INFO - Loading image in desktop environment...
2023-12-01 12:30:54,944 - INFO - image  is latested
2023-12-01 13:30:55,010 - INFO - Loading image in desktop environment...
2023-12-01 13:30:55,609 - INFO - image  is latested
2023-12-01 14:30:55,489 - INFO - Loading image in desktop environment...
2023-12-01 14:30:56,140 - INFO - image  is latested
2023-12-01 15:30:56,246 - INFO - Loading image in desktop environment...
2023-12-01 15:30:57,015 - INFO - image  is latested
2023-12-01 16:30:57,017 - INFO - Loading image in desktop environment...
2023-12-01 16:30:57,752 - INFO - image  is latested
2023-12-01 17:30:57,817 - INFO - Loading image in desktop environment...
2023-12-01 17:30:58,430 - INFO - image  is latested
2023-12-01 18:30:58,522 - INFO - Loading image in desktop environment...
2023-12-01 18:30:59,130 - INFO - image  is latested
2023-12-01 19:30:59,239 - INFO - Loading image in desktop environment...
2023-12-01 19:30:59,847 - INFO - image  is latested
2023-12-01 20:30:59,919 - INFO - Loading image in desktop environment...
2023-12-01 20:31:00,579 - INFO - image  is latested
2023-12-01 21:31:00,948 - INFO - Loading image in desktop environment...
2023-12-01 21:31:01,588 - INFO - image  is latested
2023-12-01 22:31:01,664 - INFO - Loading image in desktop environment...
2023-12-01 22:31:18,958 - INFO - 
2023-12-01 22:31:32,826 - INFO - 
2023-12-01 22:31:41,755 - INFO - The image ghcr.io/eviljoker/product_imagemagic_devcontainer:latest already exists, renaming the old one with ID sha256:34ff46ff179042b80109e533f6f6bda8aed225093731e000dea25b7cc50eafcd to empty string
Loaded image: ghcr.io/eviljoker/product_imagemagic_devcontainer:latest

2023-12-01 22:31:41,851 - INFO - Image loaded successfully in desktop environment.
2023-12-01 23:31:41,943 - INFO - Loading image in desktop environment...
2023-12-01 23:31:42,577 - INFO - image  is latested
2023-12-02 00:31:42,701 - INFO - Loading image in desktop environment...
2023-12-02 00:31:53,312 - INFO - 
2023-12-02 00:32:09,418 - INFO - 
2023-12-02 00:32:19,368 - INFO - The image ghcr.io/eviljoker/product_imagemagic_devcontainer:latest already exists, renaming the old one with ID sha256:66d208074d90ace02b33d8c081fdc4758e3445b67bc0ba0103cefef6fdc1af9b to empty string
Loaded image: ghcr.io/eviljoker/product_imagemagic_devcontainer:latest

2023-12-02 00:32:19,480 - INFO - Image loaded successfully in desktop environment.
2023-12-02 01:32:19,552 - INFO - Loading image in desktop environment...
2023-12-02 01:32:20,247 - INFO - image  is latested
2023-12-02 02:32:20,365 - INFO - Loading image in desktop environment...
2023-12-02 02:32:20,982 - INFO - image  is latested
2023-12-02 03:32:21,314 - INFO - Loading image in desktop environment...
2023-12-02 03:32:21,943 - INFO - image  is latested
2023-12-02 04:32:22,015 - INFO - Loading image in desktop environment...
2023-12-02 04:32:22,677 - INFO - image  is latested
2023-12-02 05:32:22,762 - INFO - Loading image in desktop environment...
2023-12-02 05:32:23,372 - INFO - image  is latested
2023-12-02 06:32:23,441 - INFO - Loading image in desktop environment...
2023-12-02 06:32:24,244 - INFO - image  is latested
2023-12-02 07:32:24,339 - INFO - Loading image in desktop environment...
2023-12-02 07:32:24,938 - INFO - image  is latested
2023-12-02 08:32:24,841 - INFO - Loading image in desktop environment...
2023-12-02 08:32:25,472 - INFO - image  is latested
2023-12-02 09:32:25,549 - INFO - Loading image in desktop environment...
2023-12-02 09:32:26,142 - INFO - image  is latested
2023-12-02 10:32:26,222 - INFO - Loading image in desktop environment...
2023-12-02 10:32:26,864 - INFO - image  is latested
2023-12-02 11:32:26,937 - INFO - Loading image in desktop environment...
2023-12-02 11:32:27,618 - INFO - image  is latested
2023-12-02 12:32:27,725 - INFO - Loading image in desktop environment...
2023-12-02 12:32:28,376 - INFO - image  is latested
2023-12-02 13:32:28,443 - INFO - Loading image in desktop environment...
2023-12-02 13:32:29,043 - INFO - image  is latested
2023-12-02 14:32:29,721 - INFO - Loading image in desktop environment...
2023-12-02 14:32:30,431 - INFO - image  is latested
2023-12-02 15:32:30,504 - INFO - Loading image in desktop environment...
2023-12-02 15:32:31,189 - INFO - image  is latested
2023-12-02 16:32:31,243 - INFO - Loading image in desktop environment...
2023-12-02 16:32:31,897 - INFO - image  is latested
2023-12-02 17:32:31,961 - INFO - Loading image in desktop environment...
2023-12-02 17:32:32,551 - INFO - image  is latested
2023-12-02 18:32:32,632 - INFO - Loading image in desktop environment...
2023-12-02 18:32:33,262 - INFO - image  is latested
2023-12-02 19:32:33,362 - INFO - Loading image in desktop environment...
2023-12-02 19:32:33,959 - INFO - image  is latested
2023-12-02 20:32:34,036 - INFO - Loading image in desktop environment...
2023-12-02 20:32:34,671 - INFO - image  is latested
2023-12-02 21:32:34,745 - INFO - Loading image in desktop environment...
2023-12-02 21:32:35,341 - INFO - image  is latested
2023-12-02 22:32:35,443 - INFO - Loading image in desktop environment...
2023-12-02 22:32:36,054 - INFO - image  is latested
2023-12-02 23:32:36,066 - INFO - Loading image in desktop environment...
2023-12-02 23:32:36,643 - INFO - image  is latested
2023-12-03 00:32:36,679 - INFO - Loading image in desktop environment...
2023-12-03 00:32:37,313 - INFO - image  is latested
2023-12-03 01:32:37,458 - INFO - Loading image in desktop environment...
2023-12-03 01:32:38,099 - INFO - image  is latested
2023-12-03 02:32:38,145 - INFO - Loading image in desktop environment...
2023-12-03 02:32:38,757 - INFO - image  is latested
2023-12-03 03:32:38,849 - INFO - Loading image in desktop environment...
2023-12-03 03:32:39,425 - INFO - image  is latested
2023-12-03 04:32:39,492 - INFO - Loading image in desktop environment...
2023-12-03 04:32:40,198 - INFO - image  is latested
2023-12-03 05:32:40,233 - INFO - Loading image in desktop environment...
2023-12-03 05:32:40,812 - INFO - image  is latested
2023-12-03 06:32:40,908 - INFO - Loading image in desktop environment...
2023-12-03 06:32:41,704 - INFO - image  is latested
2023-12-03 07:32:41,781 - INFO - Loading image in desktop environment...
2023-12-03 07:32:42,363 - INFO - image  is latested
2023-12-03 08:32:42,446 - INFO - Loading image in desktop environment...
2023-12-03 08:32:43,088 - INFO - image  is latested
2023-12-03 09:32:43,149 - INFO - Loading image in desktop environment...
2023-12-03 09:32:43,730 - INFO - image  is latested
2023-12-03 10:32:43,808 - INFO - Loading image in desktop environment...
2023-12-03 10:32:44,455 - INFO - image  is latested
2023-12-03 11:32:44,384 - INFO - Loading image in desktop environment...
2023-12-03 11:32:44,987 - INFO - image  is latested
2023-12-03 12:32:45,038 - INFO - Loading image in desktop environment...
2023-12-03 12:32:45,672 - INFO - image  is latested
2023-12-03 13:32:45,766 - INFO - Loading image in desktop environment...
2023-12-03 13:32:46,358 - INFO - image  is latested
2023-12-03 14:32:46,408 - INFO - Loading image in desktop environment...
2023-12-03 14:32:47,061 - INFO - image  is latested
2023-12-03 15:32:47,155 - INFO - Loading image in desktop environment...
2023-12-03 15:32:47,741 - INFO - image  is latested
2023-12-03 16:32:47,709 - INFO - Loading image in desktop environment...
2023-12-03 16:32:48,356 - INFO - image  is latested
2023-12-03 17:32:48,429 - INFO - Loading image in desktop environment...
2023-12-03 17:32:49,034 - INFO - image  is latested
2023-12-03 18:32:49,098 - INFO - Loading image in desktop environment...
2023-12-03 18:32:49,726 - INFO - image  is latested
2023-12-03 19:32:49,792 - INFO - Loading image in desktop environment...
2023-12-03 19:32:50,370 - INFO - image  is latested
2023-12-03 20:32:50,471 - INFO - Loading image in desktop environment...
2023-12-03 20:32:51,144 - INFO - image  is latested
2023-12-03 21:32:51,032 - INFO - Loading image in desktop environment...
2023-12-03 21:32:51,615 - INFO - image  is latested
2023-12-03 22:32:51,693 - INFO - Loading image in desktop environment...
2023-12-03 22:32:52,300 - INFO - image  is latested
2023-12-03 23:32:52,483 - INFO - Loading image in desktop environment...
2023-12-03 23:32:53,063 - INFO - image  is latested
2023-12-04 00:32:53,128 - INFO - Loading image in desktop environment...
2023-12-04 00:32:53,739 - INFO - image  is latested
2023-12-04 01:32:53,838 - INFO - Loading image in desktop environment...
2023-12-04 01:32:54,503 - INFO - image  is latested
2023-12-04 02:32:54,565 - INFO - Loading image in desktop environment...
2023-12-04 02:32:55,229 - INFO - image  is latested
2023-12-04 03:32:55,223 - INFO - Loading image in desktop environment...
2023-12-04 03:32:55,801 - INFO - image  is latested
2023-12-04 04:32:55,897 - INFO - Loading image in desktop environment...
2023-12-04 04:32:56,549 - INFO - image  is latested
2023-12-04 05:32:56,633 - INFO - Loading image in desktop environment...
2023-12-04 05:32:57,278 - INFO - image  is latested
2023-12-04 06:32:57,343 - INFO - Loading image in desktop environment...
2023-12-04 06:32:58,142 - INFO - image  is latested
2023-12-04 07:32:58,134 - INFO - Loading image in desktop environment...
2023-12-04 07:32:58,744 - INFO - image  is latested
2023-12-04 08:32:58,824 - INFO - Loading image in desktop environment...
2023-12-04 08:32:59,475 - INFO - image  is latested
2023-12-04 09:32:59,537 - INFO - Loading image in desktop environment...
2023-12-04 09:33:00,179 - INFO - image  is latested
2023-12-04 10:33:00,295 - INFO - Loading image in desktop environment...
2023-12-04 10:33:00,919 - INFO - image  is latested
2023-12-04 11:33:01,014 - INFO - Loading image in desktop environment...
2023-12-04 11:33:02,476 - INFO - image  is latested
2023-12-04 12:33:02,930 - INFO - Loading image in desktop environment...
2023-12-04 12:33:03,588 - INFO - image  is latested
2023-12-04 13:33:03,658 - INFO - Loading image in desktop environment...
2023-12-04 13:33:04,288 - INFO - image  is latested
2023-12-04 14:33:04,346 - INFO - Loading image in desktop environment...
2023-12-04 14:33:05,009 - INFO - image  is latested
2023-12-04 15:33:05,271 - INFO - Loading image in desktop environment...
2023-12-04 15:33:05,933 - INFO - image  is latested
2023-12-04 16:33:06,317 - INFO - Loading image in desktop environment...
2023-12-04 16:33:06,998 - INFO - image  is latested
2023-12-04 17:33:07,073 - INFO - Loading image in desktop environment...
2023-12-04 17:33:07,754 - INFO - image  is latested
2023-12-04 18:33:07,828 - INFO - Loading image in desktop environment...
2023-12-04 18:33:08,425 - INFO - image  is latested
2023-12-04 19:33:08,391 - INFO - Loading image in desktop environment...
2023-12-04 19:33:09,133 - INFO - image  is latested
2023-12-04 20:33:09,085 - INFO - Loading image in desktop environment...
2023-12-04 20:33:09,692 - INFO - image  is latested
2023-12-04 21:33:09,773 - INFO - Loading image in desktop environment...
2023-12-04 21:33:10,400 - INFO - image  is latested
2023-12-04 22:33:10,463 - INFO - Loading image in desktop environment...
2023-12-04 22:33:11,034 - INFO - image  is latested
2023-12-04 23:33:11,352 - INFO - Loading image in desktop environment...
2023-12-04 23:33:11,987 - INFO - image  is latested
2023-12-05 00:33:12,012 - INFO - Loading image in desktop environment...
2023-12-05 00:33:12,603 - INFO - image  is latested
2023-12-05 01:33:12,731 - INFO - Loading image in desktop environment...
2023-12-05 01:33:13,394 - INFO - image  is latested
2023-12-05 02:33:13,752 - INFO - Loading image in desktop environment...
2023-12-05 02:33:14,377 - INFO - image  is latested
2023-12-05 03:33:14,341 - INFO - Loading image in desktop environment...
2023-12-05 03:33:14,952 - INFO - image  is latested
2023-12-05 04:33:15,023 - INFO - Loading image in desktop environment...
2023-12-05 04:33:15,671 - INFO - image  is latested
2023-12-05 05:33:15,707 - INFO - Loading image in desktop environment...
2023-12-05 05:33:16,301 - INFO - image  is latested
2023-12-05 06:33:16,383 - INFO - Loading image in desktop environment...
2023-12-05 06:33:17,172 - INFO - image  is latested
2023-12-05 07:33:17,244 - INFO - Loading image in desktop environment...
2023-12-05 07:33:17,829 - INFO - image  is latested
2023-12-05 08:33:17,906 - INFO - Loading image in desktop environment...
2023-12-05 08:33:18,542 - INFO - image  is latested
2023-12-05 09:33:18,888 - INFO - Loading image in desktop environment...
2023-12-05 09:33:19,768 - INFO - image  is latested
2023-12-05 10:33:19,840 - INFO - Loading image in desktop environment...
2023-12-05 10:33:20,845 - INFO - image  is latested
2023-12-05 11:33:20,925 - INFO - Loading image in desktop environment...
2023-12-05 11:33:21,577 - INFO - image  is latested
2023-12-05 12:33:21,668 - INFO - Loading image in desktop environment...
2023-12-05 12:33:22,297 - INFO - image  is latested
2023-12-05 13:33:22,299 - INFO - Loading image in desktop environment...
2023-12-05 13:33:22,880 - INFO - image  is latested
2023-12-05 14:33:22,935 - INFO - Loading image in desktop environment...
2023-12-05 14:33:23,697 - INFO - image  is latested
2023-12-05 15:33:24,063 - INFO - Loading image in desktop environment...
2023-12-05 15:33:24,868 - INFO - image  is latested
2023-12-05 16:33:24,947 - INFO - Loading image in desktop environment...
2023-12-05 16:33:25,774 - INFO - image  is latested
2023-12-05 17:33:25,809 - INFO - Loading image in desktop environment...
2023-12-05 17:33:26,430 - INFO - image  is latested
2023-12-05 18:33:26,503 - INFO - Loading image in desktop environment...
2023-12-05 18:33:27,143 - INFO - image  is latested
2023-12-05 19:33:27,230 - INFO - Loading image in desktop environment...
2023-12-05 19:33:27,862 - INFO - image  is latested
2023-12-05 20:33:27,950 - INFO - Loading image in desktop environment...
2023-12-05 20:33:28,574 - INFO - image  is latested
2023-12-05 21:33:28,917 - INFO - Loading image in desktop environment...
2023-12-05 21:33:29,525 - INFO - image  is latested
2023-12-05 22:33:29,627 - INFO - Loading image in desktop environment...
2023-12-05 22:33:30,243 - INFO - image  is latested
2023-12-05 23:33:30,353 - INFO - Loading image in desktop environment...
2023-12-05 23:33:30,951 - INFO - image  is latested
2023-12-06 00:33:31,031 - INFO - Loading image in desktop environment...
2023-12-06 00:33:31,674 - INFO - image  is latested
2023-12-06 01:33:31,692 - INFO - Loading image in desktop environment...
2023-12-06 01:33:32,322 - INFO - image  is latested
2023-12-06 02:33:32,413 - INFO - Loading image in desktop environment...
2023-12-06 02:33:33,063 - INFO - image  is latested
2023-12-06 03:33:32,924 - INFO - Loading image in desktop environment...
2023-12-06 03:33:33,548 - INFO - image  is latested
2023-12-06 04:33:33,664 - INFO - Loading image in desktop environment...
2023-12-06 04:33:34,353 - INFO - image  is latested
2023-12-06 05:33:34,418 - INFO - Loading image in desktop environment...
2023-12-06 05:33:35,095 - INFO - image  is latested
2023-12-06 06:33:35,521 - INFO - Loading image in desktop environment...
2023-12-06 06:33:36,295 - INFO - image  is latested
2023-12-06 07:33:36,910 - INFO - Loading image in desktop environment...
2023-12-06 07:33:37,535 - INFO - image  is latested
2023-12-06 08:33:37,612 - INFO - Loading image in desktop environment...
2023-12-06 08:33:38,193 - INFO - image  is latested
2023-12-06 09:33:38,235 - INFO - Loading image in desktop environment...
2023-12-06 09:33:38,909 - INFO - image  is latested
2023-12-06 10:33:39,287 - INFO - Loading image in desktop environment...
2023-12-06 10:33:39,935 - INFO - image  is latested
2023-12-06 11:33:40,018 - INFO - Loading image in desktop environment...
2023-12-06 11:33:40,624 - INFO - image  is latested
2023-12-06 12:33:40,681 - INFO - Loading image in desktop environment...
2023-12-06 12:33:41,306 - INFO - image  is latested
2023-12-06 13:33:41,759 - INFO - Loading image in desktop environment...
2023-12-06 13:33:42,387 - INFO - image  is latested
2023-12-06 14:33:42,484 - INFO - Loading image in desktop environment...
2023-12-06 14:33:43,140 - INFO - image  is latested
2023-12-06 15:33:43,221 - INFO - Loading image in desktop environment...
2023-12-06 15:33:43,822 - INFO - image  is latested
2023-12-06 16:33:43,914 - INFO - Loading image in desktop environment...
2023-12-06 16:33:44,559 - INFO - image  is latested
2023-12-06 17:33:44,668 - INFO - Loading image in desktop environment...
2023-12-06 17:33:45,324 - INFO - image  is latested
2023-12-06 18:33:45,396 - INFO - Loading image in desktop environment...
2023-12-06 18:33:45,990 - INFO - image  is latested
2023-12-06 19:33:46,062 - INFO - Loading image in desktop environment...
2023-12-06 19:33:46,697 - INFO - image  is latested
2023-12-06 20:33:46,758 - INFO - Loading image in desktop environment...
2023-12-06 20:33:47,350 - INFO - image  is latested
2023-12-06 21:33:47,433 - INFO - Loading image in desktop environment...
2023-12-06 21:33:48,067 - INFO - image  is latested
2023-12-06 22:33:48,093 - INFO - Loading image in desktop environment...
2023-12-06 22:33:48,706 - INFO - image  is latested
2023-12-06 23:33:48,816 - INFO - Loading image in desktop environment...
2023-12-06 23:33:49,467 - INFO - image  is latested
2023-12-07 00:33:49,556 - INFO - Loading image in desktop environment...
2023-12-07 00:33:50,218 - INFO - image  is latested
2023-12-07 01:33:50,539 - INFO - Loading image in desktop environment...
2023-12-07 01:33:51,253 - INFO - image  is latested
2023-12-07 02:33:51,555 - INFO - Loading image in desktop environment...
2023-12-07 02:33:52,253 - INFO - image  is latested
2023-12-07 03:33:52,339 - INFO - Loading image in desktop environment...
2023-12-07 03:33:52,986 - INFO - image  is latested
2023-12-07 04:33:53,069 - INFO - Loading image in desktop environment...
2023-12-07 04:33:53,784 - INFO - image  is latested
2023-12-07 05:33:54,147 - INFO - Loading image in desktop environment...
2023-12-07 05:33:54,812 - INFO - image  is latested
2023-12-07 06:33:55,090 - INFO - Loading image in desktop environment...
2023-12-07 06:33:55,909 - INFO - image  is latested
2023-12-07 07:33:55,981 - INFO - Loading image in desktop environment...
2023-12-07 07:33:56,601 - INFO - image  is latested
2023-12-07 08:33:56,696 - INFO - Loading image in desktop environment...
2023-12-07 08:33:57,319 - INFO - image  is latested
2023-12-07 09:33:57,380 - INFO - Loading image in desktop environment...
2023-12-07 09:33:58,016 - INFO - image  is latested
2023-12-07 10:33:58,107 - INFO - Loading image in desktop environment...
2023-12-07 10:33:58,895 - INFO - image  is latested
2023-12-07 11:33:59,113 - INFO - Loading image in desktop environment...
2023-12-07 11:33:59,768 - INFO - image  is latested
2023-12-07 12:33:59,762 - INFO - Loading image in desktop environment...
2023-12-07 12:34:00,421 - INFO - image  is latested
2023-12-07 13:34:00,481 - INFO - Loading image in desktop environment...
2023-12-07 13:34:01,136 - INFO - image  is latested
2023-12-07 14:34:01,248 - INFO - Loading image in desktop environment...
2023-12-07 14:34:01,959 - INFO - image  is latested
2023-12-07 15:34:02,061 - INFO - Loading image in desktop environment...
2023-12-07 15:34:02,719 - INFO - image  is latested
2023-12-07 16:34:02,798 - INFO - Loading image in desktop environment...
2023-12-07 16:34:03,458 - INFO - image  is latested
2023-12-07 17:34:03,554 - INFO - Loading image in desktop environment...
2023-12-07 17:34:04,201 - INFO - image  is latested
2023-12-07 18:34:04,295 - INFO - Loading image in desktop environment...
2023-12-07 18:34:05,001 - INFO - image  is latested
2023-12-07 19:34:05,082 - INFO - Loading image in desktop environment...
2023-12-07 19:34:05,742 - INFO - image  is latested
2023-12-07 20:34:05,820 - INFO - Loading image in desktop environment...
2023-12-07 20:34:06,544 - INFO - image  is latested
2023-12-07 21:34:06,566 - INFO - Loading image in desktop environment...
2023-12-07 21:34:07,333 - INFO - image  is latested
2023-12-07 23:00:01,891 - INFO - Loading image in desktop environment...
2023-12-07 23:00:04,337 - INFO - image  is latested
2023-12-08 01:00:04,281 - INFO - Loading image in desktop environment...
2023-12-08 01:00:05,928 - INFO - image  is latested
